2025-09-04 20:28:57,005 - WeChatSender - DEBUG - 尝试定位输入框 (第1次尝试)
2025-09-04 20:28:59,662 - WeChatSender - DEBUG - 未找到Edit控件，尝试其他方法
2025-09-04 20:29:02,294 - WeChatSender - DEBUG - 未找到RichEdit20W控件
2025-09-04 20:29:04,116 - WeChatSender - DEBUG - 已通过坐标点击输入区域
2025-09-04 20:29:10,219 - WeChatSender - ERROR - 设置输入框焦点失败: {'control_type': 'Edit', 'found_index': 0, 'top_level_only': False, 'parent': <uia_element_info.UIAElementInfo - '微信', Qt51514QWindowIcon, 462136>, 'backend': 'uia'}
2025-09-04 20:29:14,638 - WeChatSender - DEBUG - 尝试使用输入框发送 Ctrl+Enter
2025-09-04 20:29:20,201 - WeChatSender - DEBUG - 使用输入框发送 Ctrl+Enter 出错: {'control_type': 'Edit', 'found_index': 0, 'top_level_only': False, 'parent': <uia_element_info.UIAElementInfo - '微信', Qt51514QWindowIcon, 462136>, 'backend': 'uia'}
2025-09-04 20:29:20,202 - WeChatSender - DEBUG - 尝试使用主窗口发送 Ctrl+Enter
2025-09-04 20:29:21,454 - WeChatSender - DEBUG - 使用主窗口发送 Ctrl+Enter 成功
2025-09-04 20:29:21,454 - WeChatSender - DEBUG - 已发送 末 第 1 段
2025-09-04 20:29:31,439 - WeChatSender - DEBUG - 尝试定位输入框 (第1次尝试)
2025-09-04 20:29:33,805 - WeChatSender - DEBUG - 未找到Edit控件，尝试其他方法
2025-09-04 20:29:36,136 - WeChatSender - DEBUG - 未找到RichEdit20W控件
2025-09-04 20:29:41,673 - WeChatSender - DEBUG - 坐标点击失败: {'title_re': '微信|WeChat', 'backend': 'uia', 'enabled_only': False, 'visible_only': False, 'process': 8816}
2025-09-04 20:29:46,174 - WeChatSender - DEBUG - 通过Tab键查找焦点控件出错: find_elements() got an unexpected keyword argument 'focused'
2025-09-04 20:29:46,426 - WeChatSender - ERROR - 设置输入框焦点失败: find_elements() got an unexpected keyword argument 'focused'
2025-09-04 20:39:40,649 - WeChatSender - DEBUG - 尝试定位输入框 (第1次尝试)
2025-09-04 20:39:43,077 - WeChatSender - DEBUG - 未找到Edit控件，尝试其他方法
2025-09-04 20:39:45,147 - WeChatSender - DEBUG - 未找到RichEdit20W控件
2025-09-04 20:39:46,987 - WeChatSender - DEBUG - 已通过坐标点击输入区域
2025-09-04 20:39:53,074 - WeChatSender - ERROR - 设置输入框焦点失败: {'control_type': 'Edit', 'found_index': 0, 'top_level_only': False, 'parent': <uia_element_info.UIAElementInfo - '微信', Qt51514QWindowIcon, 462136>, 'backend': 'uia'}
2025-09-04 20:39:57,471 - WeChatSender - DEBUG - 尝试使用输入框发送 Ctrl+Enter
2025-09-04 20:40:03,638 - WeChatSender - DEBUG - 使用输入框发送 Ctrl+Enter 出错: {'control_type': 'Edit', 'found_index': 0, 'top_level_only': False, 'parent': <uia_element_info.UIAElementInfo - '微信', Qt51514QWindowIcon, 462136>, 'backend': 'uia'}
2025-09-04 20:40:03,638 - WeChatSender - DEBUG - 尝试使用主窗口发送 Ctrl+Enter
2025-09-04 20:40:04,891 - WeChatSender - DEBUG - 使用主窗口发送 Ctrl+Enter 成功
2025-09-04 20:40:04,892 - WeChatSender - DEBUG - 已发送 末 第 1 段
2025-09-04 20:40:17,242 - WeChatSender - DEBUG - 尝试定位输入框 (第1次尝试)
2025-09-04 20:40:19,906 - WeChatSender - DEBUG - 未找到Edit控件，尝试其他方法
2025-09-04 20:40:22,548 - WeChatSender - DEBUG - 未找到RichEdit20W控件
2025-09-04 20:40:24,371 - WeChatSender - DEBUG - 已通过坐标点击输入区域
2025-09-04 20:40:30,464 - WeChatSender - ERROR - 设置输入框焦点失败: {'control_type': 'Edit', 'found_index': 0, 'top_level_only': False, 'parent': <uia_element_info.UIAElementInfo - '微信', Qt51514QWindowIcon, 462136>, 'backend': 'uia'}
2025-09-04 20:40:34,872 - WeChatSender - DEBUG - 尝试使用输入框发送 Ctrl+Enter
2025-09-04 20:40:41,035 - WeChatSender - DEBUG - 使用输入框发送 Ctrl+Enter 出错: {'control_type': 'Edit', 'found_index': 0, 'top_level_only': False, 'parent': <uia_element_info.UIAElementInfo - '微信', Qt51514QWindowIcon, 462136>, 'backend': 'uia'}
2025-09-04 20:40:41,035 - WeChatSender - DEBUG - 尝试使用主窗口发送 Ctrl+Enter
2025-09-04 20:40:42,285 - WeChatSender - DEBUG - 使用主窗口发送 Ctrl+Enter 成功
2025-09-04 20:40:42,285 - WeChatSender - DEBUG - 已发送 末 第 1 段
